<?xml version="1.0" encoding="UTF-8"?>
<!-- Generated by org.testng.reporters.JUnitXMLReporter -->
<testsuite ignored="0" hostname="DESKTOP-DPRKKQA" failures="0" tests="4" name="Default test" time="20.809" errors="0" timestamp="2024-03-10T18:41:24 IST">
  <testcase classname="api.test.UserTests" name="testPostUser" time="8.922"/>
  <testcase classname="api.test.UserTests" name="testGetUser" time="3.21"/>
  <testcase classname="api.test.UserTests" name="testUpdateUser" time="5.429"/>
  <testcase classname="api.test.UserTests" name="testDeleteUser" time="2.234"/>
</testsuite> <!-- Default test -->
