<?xml version="1.0" encoding="UTF-8"?>
<testng-results ignored="0" total="4" passed="4" failed="0" skipped="0">
  <reporter-output>
  </reporter-output>
  <suite started-at="2024-03-12T08:56:48 IST" name="PetSuite" finished-at="2024-03-12T08:57:08 IST" duration-ms="19300">
    <groups>
    </groups>
    <test started-at="2024-03-12T08:56:48 IST" name="PetTest" finished-at="2024-03-12T08:57:08 IST" duration-ms="19300">
      <class name="api.test.UserTests2">
        <test-method is-config="true" signature="setUp()[pri:0, instance:api.test.UserTests2@71809907]" started-at="2024-03-12T08:56:49 IST" name="setUp" finished-at="2024-03-12T08:56:51 IST" duration-ms="2165" status="PASS">
          <reporter-output>
          </reporter-output>
        </test-method> <!-- setUp -->
        <test-method signature="testPostUser()[pri:1, instance:api.test.UserTests2@71809907]" started-at="2024-03-12T08:56:51 IST" name="testPostUser" finished-at="2024-03-12T08:56:58 IST" duration-ms="7142" status="PASS">
          <reporter-output>
          </reporter-output>
        </test-method> <!-- testPostUser -->
        <test-method signature="testGetUser()[pri:2, instance:api.test.UserTests2@71809907]" started-at="2024-03-12T08:56:58 IST" name="testGetUser" finished-at="2024-03-12T08:57:00 IST" duration-ms="2239" status="PASS">
          <reporter-output>
          </reporter-output>
        </test-method> <!-- testGetUser -->
        <test-method signature="testUpdateUser()[pri:3, instance:api.test.UserTests2@71809907]" started-at="2024-03-12T08:57:00 IST" name="testUpdateUser" finished-at="2024-03-12T08:57:05 IST" duration-ms="4793" status="PASS">
          <reporter-output>
          </reporter-output>
        </test-method> <!-- testUpdateUser -->
        <test-method signature="testDeleteUser()[pri:4, instance:api.test.UserTests2@71809907]" started-at="2024-03-12T08:57:05 IST" name="testDeleteUser" finished-at="2024-03-12T08:57:08 IST" duration-ms="2235" status="PASS">
          <reporter-output>
          </reporter-output>
        </test-method> <!-- testDeleteUser -->
      </class> <!-- api.test.UserTests2 -->
    </test> <!-- PetTest -->
  </suite> <!-- PetSuite -->
</testng-results>
