<?xml version="1.0" encoding="UTF-8"?>
<testng-results ignored="0" total="4" passed="4" failed="0" skipped="0">
  <reporter-output>
  </reporter-output>
  <suite started-at="2024-03-12T08:55:01 IST" name="PetSuite" finished-at="2024-03-12T08:55:20 IST" duration-ms="18916">
    <groups>
    </groups>
    <test started-at="2024-03-12T08:55:01 IST" name="PetTest" finished-at="2024-03-12T08:55:20 IST" duration-ms="18916">
      <class name="api.test.UserTests2">
        <test-method is-config="true" signature="setUp()[pri:0, instance:api.test.UserTests2@3c46e67a]" started-at="2024-03-12T08:55:02 IST" name="setUp" finished-at="2024-03-12T08:55:04 IST" duration-ms="2318" status="PASS">
          <reporter-output>
          </reporter-output>
        </test-method> <!-- setUp -->
        <test-method signature="testPostUser()[pri:1, instance:api.test.UserTests2@3c46e67a]" started-at="2024-03-12T08:55:04 IST" name="testPostUser" finished-at="2024-03-12T08:55:12 IST" duration-ms="7505" status="PASS">
          <reporter-output>
          </reporter-output>
        </test-method> <!-- testPostUser -->
        <test-method signature="testGetUser()[pri:2, instance:api.test.UserTests2@3c46e67a]" started-at="2024-03-12T08:55:12 IST" name="testGetUser" finished-at="2024-03-12T08:55:14 IST" duration-ms="2438" status="PASS">
          <reporter-output>
          </reporter-output>
        </test-method> <!-- testGetUser -->
        <test-method signature="testUpdateUser()[pri:3, instance:api.test.UserTests2@3c46e67a]" started-at="2024-03-12T08:55:14 IST" name="testUpdateUser" finished-at="2024-03-12T08:55:18 IST" duration-ms="3895" status="PASS">
          <reporter-output>
          </reporter-output>
        </test-method> <!-- testUpdateUser -->
        <test-method signature="testDeleteUser()[pri:4, instance:api.test.UserTests2@3c46e67a]" started-at="2024-03-12T08:55:18 IST" name="testDeleteUser" finished-at="2024-03-12T08:55:20 IST" duration-ms="1747" status="PASS">
          <reporter-output>
          </reporter-output>
        </test-method> <!-- testDeleteUser -->
      </class> <!-- api.test.UserTests2 -->
    </test> <!-- PetTest -->
  </suite> <!-- PetSuite -->
</testng-results>
