<?xml version="1.0" encoding="UTF-8"?>
<!-- Generated by org.testng.reporters.JUnitXMLReporter -->
<testsuite ignored="0" hostname="DESKTOP-DPRKKQA" failures="0" tests="4" name="PetTest" time="20.06" errors="0" timestamp="2024-03-11T14:02:34 IST">
  <testcase classname="api.test.UserTests2" name="testPostUser" time="8.351"/>
  <testcase classname="api.test.UserTests2" name="testGetUser" time="1.962"/>
  <testcase classname="api.test.UserTests2" name="testUpdateUser" time="3.772"/>
  <testcase classname="api.test.UserTests2" name="testDeleteUser" time="1.767"/>
</testsuite> <!-- PetTest -->
