<?xml version="1.0" encoding="UTF-8"?>
<!-- Generated by org.testng.reporters.JUnitXMLReporter -->
<testsuite ignored="0" hostname="DESKTOP-DPRKKQA" failures="0" tests="4" name="PetTest" time="18.916" errors="0" timestamp="2024-03-12T08:55:21 IST">
  <testcase classname="api.test.UserTests2" name="testPostUser" time="7.505"/>
  <testcase classname="api.test.UserTests2" name="testGetUser" time="2.438"/>
  <testcase classname="api.test.UserTests2" name="testUpdateUser" time="3.895"/>
  <testcase classname="api.test.UserTests2" name="testDeleteUser" time="1.747"/>
</testsuite> <!-- PetTest -->
